
== compact_relu_64_32 ==
epoch 01/8 loss=0.3081 acc=0.9077 val_acc=0.9053
epoch 02/8 loss=0.2333 acc=0.9320 val_acc=0.9288
epoch 03/8 loss=0.1940 acc=0.9466 val_acc=0.9404
epoch 04/8 loss=0.1699 acc=0.9523 val_acc=0.9469
epoch 05/8 loss=0.1424 acc=0.9556 val_acc=0.9498
epoch 06/8 loss=0.1345 acc=0.9586 val_acc=0.9550
epoch 07/8 loss=0.1162 acc=0.9691 val_acc=0.9581
epoch 08/8 loss=0.1120 acc=0.9676 val_acc=0.9625

== final_relu_128_64 ==
epoch 01/10 loss=0.2611 acc=0.9217 val_acc=0.9207
epoch 02/10 loss=0.1779 acc=0.9485 val_acc=0.9425
epoch 03/10 loss=0.1445 acc=0.9591 val_acc=0.9526
epoch 04/10 loss=0.1131 acc=0.9652 val_acc=0.9592
epoch 05/10 loss=0.1040 acc=0.9665 val_acc=0.9588
epoch 06/10 loss=0.0805 acc=0.9765 val_acc=0.9682
epoch 07/10 loss=0.0748 acc=0.9786 val_acc=0.9691
epoch 08/10 loss=0.0720 acc=0.9793 val_acc=0.9698
epoch 09/10 loss=0.0620 acc=0.9831 val_acc=0.9695
epoch 10/10 loss=0.0506 acc=0.9862 val_acc=0.9709

== improved_relu_256_128_momentum ==
epoch 01/15 loss=0.1886 acc=0.9577 val_acc=0.9531
epoch 02/15 loss=0.1227 acc=0.9761 val_acc=0.9664
epoch 03/15 loss=0.1022 acc=0.9833 val_acc=0.9714
epoch 04/15 loss=0.0946 acc=0.9837 val_acc=0.9720
epoch 05/15 loss=0.0801 acc=0.9889 val_acc=0.9746
epoch 06/15 loss=0.0706 acc=0.9941 val_acc=0.9767
epoch 07/15 loss=0.0614 acc=0.9954 val_acc=0.9788
epoch 08/15 loss=0.0599 acc=0.9962 val_acc=0.9791
epoch 09/15 loss=0.0539 acc=0.9978 val_acc=0.9788
epoch 10/15 loss=0.0534 acc=0.9983 val_acc=0.9777
epoch 11/15 loss=0.0488 acc=0.9993 val_acc=0.9795
epoch 12/15 loss=0.0470 acc=1.0000 val_acc=0.9797
epoch 13/15 loss=0.0464 acc=0.9998 val_acc=0.9801
epoch 14/15 loss=0.0445 acc=1.0000 val_acc=0.9786
epoch 15/15 loss=0.0438 acc=0.9999 val_acc=0.9797

== resolved_relu_256_128_l2_earlystop ==
epoch 01/25 loss=0.4656 acc=0.9555 val_acc=0.9518
epoch 02/25 loss=0.3345 acc=0.9749 val_acc=0.9678
epoch 03/25 loss=0.2770 acc=0.9785 val_acc=0.9714
epoch 04/25 loss=0.2517 acc=0.9749 val_acc=0.9652
epoch 05/25 loss=0.2024 acc=0.9847 val_acc=0.9726
epoch 06/25 loss=0.1792 acc=0.9880 val_acc=0.9767
epoch 07/25 loss=0.1660 acc=0.9888 val_acc=0.9759
epoch 08/25 loss=0.1601 acc=0.9872 val_acc=0.9786
epoch 09/25 loss=0.1497 acc=0.9892 val_acc=0.9766
epoch 10/25 loss=0.1432 acc=0.9891 val_acc=0.9779
epoch 11/25 loss=0.1416 acc=0.9906 val_acc=0.9766

Resumo salvo em results\summary.json
